<?xml version="1.0" encoding="UTF-8"?>
<!-- Generated by org.testng.reporters.JUnitReportReporter -->
<testsuite hostname="DESKTOP-JSR3MIF" failures="0" tests="3" name="tests.HomePageTests" time="295.451" errors="0" timestamp="2023-03-17T10:37:25 IST" skipped="0">
  <testcase classname="tests.HomePageTests" name="cookieCheck" time="151.939"/>
  <system-out/>
  <testcase classname="tests.HomePageTests" name="logoCheck" time="98.881"/>
  <system-out/>
  <testcase classname="tests.HomePageTests" name="changeCountry" time="44.631"/>
  <system-out/>
</testsuite> <!-- tests.HomePageTests -->
