<?xml version="1.0" encoding="UTF-8"?>
<!-- Generated by org.testng.reporters.JUnitReportReporter -->
<testsuite hostname="Bhargava" failures="0" tests="1" name="tests.HomePageTests" time="1.049" errors="0" timestamp="2023-06-11T06:25:53 IST" skipped="0">
  <testcase classname="tests.HomePageTests" name="HomePage" time="1.049"/>
  <system-out/>
</testsuite> <!-- tests.HomePageTests -->
