<?xml version="1.0" encoding="UTF-8"?>
<!-- Generated by org.testng.reporters.JUnitReportReporter -->
<testsuite hostname="DESKTOP-JSR3MIF" failures="0" tests="3" name="tests.HomePageTests" time="92.459" errors="0" timestamp="2023-03-16T11:48:39 IST" skipped="0">
  <testcase classname="tests.HomePageTests" name="cookieCheck" time="31.362"/>
  <system-out/>
  <testcase classname="tests.HomePageTests" name="logoCheck" time="27.691"/>
  <system-out/>
  <testcase classname="tests.HomePageTests" name="changeCountry" time="33.406"/>
  <system-out/>
</testsuite> <!-- tests.HomePageTests -->
