<?xml version="1.0" encoding="UTF-8"?>
<!-- Generated by org.testng.reporters.JUnitReportReporter -->
<testsuite hostname="DESKTOP-JSR3MIF" failures="0" tests="1" name="tests.HomePageTests" time="7.196" errors="0" timestamp="2023-03-17T17:30:58 IST" skipped="0">
  <testcase classname="tests.HomePageTests" name="HomePage" time="7.196"/>
  <system-out/>
</testsuite> <!-- tests.HomePageTests -->
