<?xml version="1.0" encoding="UTF-8"?>
<!-- Generated by org.testng.reporters.JUnitReportReporter -->
<testsuite hostname="DESKTOP-JSR3MIF" failures="0" tests="3" name="tests.HomePageTests" time="8.460" errors="0" timestamp="2023-03-14T17:44:33 IST" skipped="0">
  <testcase classname="tests.HomePageTests" name="cookieCheck" time="0.762"/>
  <system-out/>
  <testcase classname="tests.HomePageTests" name="logoCheck" time="4.947"/>
  <system-out/>
  <testcase classname="tests.HomePageTests" name="changeCountry" time="2.751"/>
  <system-out/>
</testsuite> <!-- tests.HomePageTests -->
