<?xml version="1.0" encoding="UTF-8"?>
<!-- Generated by org.testng.reporters.JUnitReportReporter -->
<testsuite hostname="DESKTOP-JSR3MIF" failures="0" tests="3" name="tests.HomePageTests" time="192.925" errors="0" timestamp="2023-03-15T10:19:20 IST" skipped="0">
  <testcase classname="tests.HomePageTests" name="cookieCheck" time="64.049"/>
  <system-out/>
  <testcase classname="tests.HomePageTests" name="logoCheck" time="73.049"/>
  <system-out/>
  <testcase classname="tests.HomePageTests" name="changeCountry" time="55.827"/>
  <system-out/>
</testsuite> <!-- tests.HomePageTests -->
