<?xml version="1.0" encoding="UTF-8"?>
<!-- Generated by org.testng.reporters.JUnitReportReporter -->
<testsuite hostname="Bhargava" failures="0" tests="1" name="tests.HomePageTests" time="0.757" errors="0" timestamp="2023-11-02T18:56:14 IST" skipped="0">
  <testcase classname="tests.HomePageTests" name="HomePage" time="0.757"/>
</testsuite> <!-- tests.HomePageTests -->
